[INFO] Scanning for projects...
[INFO]                                                                         
[INFO] ------------------------------------------------------------------------
[INFO] Building sorting-algos 1.0-SNAPSHOT
[INFO] ------------------------------------------------------------------------
[INFO] 
[INFO] --- maven-resources-plugin:2.6:resources (default-resources) @ sorting-algos ---
[WARNING] Using platform encoding (Cp1252 actually) to copy filtered resources, i.e. build is platform dependent!
[INFO] skip non existing resourceDirectory D:\repo\sorting-algo\sorting-algos\src\main\resources
[INFO] 
[INFO] --- maven-compiler-plugin:3.1:compile (default-compile) @ sorting-algos ---
[INFO] Changes detected - recompiling the module!
[WARNING] File encoding has not been set, using platform encoding Cp1252, i.e. build is platform dependent!
[INFO] Compiling 7 source files to D:\repo\sorting-algo\sorting-algos\target\classes
[INFO] 
[INFO] --- maven-resources-plugin:2.6:testResources (default-testResources) @ sorting-algos ---
[WARNING] Using platform encoding (Cp1252 actually) to copy filtered resources, i.e. build is platform dependent!
[INFO] skip non existing resourceDirectory D:\repo\sorting-algo\sorting-algos\src\test\resources
[INFO] 
[INFO] --- maven-compiler-plugin:3.1:testCompile (default-testCompile) @ sorting-algos ---
[INFO] Changes detected - recompiling the module!
[WARNING] File encoding has not been set, using platform encoding Cp1252, i.e. build is platform dependent!
[INFO] Compiling 7 source files to D:\repo\sorting-algo\sorting-algos\target\test-classes
[INFO] 
[INFO] --- maven-surefire-plugin:2.12.4:test (default-test) @ sorting-algos ---
[INFO] Surefire report directory: D:\repo\sorting-algo\sorting-algos\target\surefire-reports

-------------------------------------------------------
 T E S T S
-------------------------------------------------------
Running org.ghosh.sanjay.algos.AppTest
Tests run: 1, Failures: 0, Errors: 0, Skipped: 0, Time elapsed: 0 sec
Running org.ghosh.sanjay.algos.InsertionSortTest
Tests run: 3, Failures: 0, Errors: 0, Skipped: 0, Time elapsed: 0 sec
Running org.ghosh.sanjay.algos.MergeSortTest
Tests run: 3, Failures: 0, Errors: 0, Skipped: 0, Time elapsed: 0.016 sec
Running org.ghosh.sanjay.algos.QuickSortTest
Tests run: 3, Failures: 0, Errors: 0, Skipped: 0, Time elapsed: 0.218 sec
Running org.ghosh.sanjay.algos.SelectionSortTest
Tests run: 3, Failures: 0, Errors: 0, Skipped: 0, Time elapsed: 0.718 sec
Running org.ghosh.sanjay.algos.ShellSortTest
Tests run: 3, Failures: 0, Errors: 0, Skipped: 0, Time elapsed: 0 sec
Running org.ghosh.sanjay.algos.TestUtils
Tests run: 0, Failures: 0, Errors: 0, Skipped: 0, Time elapsed: 0 sec

Results :

Tests run: 16, Failures: 0, Errors: 0, Skipped: 0

[INFO] 
[INFO] --- maven-jar-plugin:2.4:jar (default-jar) @ sorting-algos ---
[INFO] Building jar: D:\repo\sorting-algo\sorting-algos\target\sorting-algos-1.0-SNAPSHOT.jar
[INFO] ------------------------------------------------------------------------
[INFO] BUILD SUCCESS
[INFO] ------------------------------------------------------------------------
[INFO] Total time: 3.234 s
[INFO] Finished at: 2018-04-25T20:19:19+05:30
[INFO] Final Memory: 12M/30M
[INFO] ------------------------------------------------------------------------
